<?xml version="1.0" encoding="UTF-8"?>
<!-- Generated by org.testng.reporters.JUnitReportReporter -->
<testsuite hostname="nik444" failures="0" tests="7" name="tests.tests" time="0.041" errors="0" timestamp="16 Jun 2020 06:53:04 GMT">
  <testcase classname="tests.tests" name="SecondModule2" time="0.002"/>
  <testcase classname="tests.tests" name="SecondModule3" time="0.005"/>
  <testcase classname="tests.tests" name="SecondModule1" time="0.011"/>
  <testcase classname="tests.tests" name="FourthModule1" time="0.005"/>
  <testcase classname="tests.tests" name="ThirdModule2" time="0.002"/>
  <testcase classname="tests.tests" name="ThirdModule1" time="0.002"/>
  <testcase classname="tests.tests" name="FirstModule" time="0.014"/>
</testsuite> <!-- tests.tests -->
