<?xml version="1.0" encoding="UTF-8"?>
<!-- Generated by org.testng.reporters.JUnitReportReporter -->
<testsuite hostname="nik444" failures="0" tests="2" name="tests.tests" time="0.010" errors="0" timestamp="15 Jun 2020 19:41:10 GMT">
  <testcase classname="tests.tests" name="FirstTest" time="0.010"/>
  <testcase classname="tests.tests" name="SecondTest" time="0.000"/>
</testsuite> <!-- tests.tests -->
